Using pre-set license
Built from '2020.3/staging' branch; Version is '2020.3.18f1 (a7d1c678663c) revision 10998214'; Using compiler version '192528614'; Build Type 'Release'
OS: 'Windows 10 Home; OS build 22621.1105; Version 2009; 64bit' Language: 'en' Physical Memory: 32535 MB
BatchMode: 1, IsHumanControllingUs: 0, StartBugReporterOnCrash: 0, Is64bit: 1, IsPro: 0

COMMAND LINE ARGUMENTS:
C:\Program Files\Unity\Hub\Editor\2020.3.18f1\Editor\Unity.exe
-adb2
-batchMode
-noUpm
-name
AssetImportWorker0
-projectPath
C:/_OTU/PFG Github/PFG-lab/PFG continuous lab
-logFile
Logs/AssetImportWorker0.log
-srvPort
50507
Successfully changed project path to: C:/_OTU/PFG Github/PFG-lab/PFG continuous lab
C:/_OTU/PFG Github/PFG-lab/PFG continuous lab
Using Asset Import Pipeline V2.
Refreshing native plugins compatible for Editor in 33.65 ms, found 3 plugins.
Preloading 0 native plugins for Editor in 0.00 ms.
Initialize engine version: 2020.3.18f1 (a7d1c678663c)
[Subsystems] Discovering subsystems at path C:/Program Files/Unity/Hub/Editor/2020.3.18f1/Editor/Data/Resources/UnitySubsystems
[Subsystems] Discovering subsystems at path C:/_OTU/PFG Github/PFG-lab/PFG continuous lab/Assets
GfxDevice: creating device client; threaded=0
Direct3D:
    Version:  Direct3D 11.0 [level 11.1]
    Renderer: NVIDIA GeForce RTX 3080 Laptop GPU (ID=0x24dc)
    Vendor:   
    VRAM:     16191 MB
    Driver:   31.0.15.2824
Initialize mono
Mono path[0] = 'C:/Program Files/Unity/Hub/Editor/2020.3.18f1/Editor/Data/Managed'
Mono path[1] = 'C:/Program Files/Unity/Hub/Editor/2020.3.18f1/Editor/Data/MonoBleedingEdge/lib/mono/unityjit'
Mono config path = 'C:/Program Files/Unity/Hub/Editor/2020.3.18f1/Editor/Data/MonoBleedingEdge/etc'
Using monoOptions --debugger-agent=transport=dt_socket,embedding=1,server=y,suspend=n,address=127.0.0.1:56724
Begin MonoManager ReloadAssembly
Registering precompiled unity dll's ...
Register platform support module: C:/Program Files/Unity/Hub/Editor/2020.3.18f1/Editor/Data/PlaybackEngines/WindowsStandaloneSupport/UnityEditor.WindowsStandalone.Extensions.dll
Registered in 0.001045 seconds.
Native extension for WindowsStandalone target not found
Refreshing native plugins compatible for Editor in 33.03 ms, found 3 plugins.
Preloading 0 native plugins for Editor in 0.00 ms.
Mono: successfully reloaded assembly
- Completed reload, in  0.765 seconds
Domain Reload Profiling:
	ReloadAssembly (765ms)
		BeginReloadAssembly (36ms)
			ExecutionOrderSort (0ms)
			DisableScriptedObjects (0ms)
			BackupInstance (0ms)
			ReleaseScriptingObjects (0ms)
			CreateAndSetChildDomain (1ms)
		EndReloadAssembly (281ms)
			LoadAssemblies (35ms)
			RebuildTransferFunctionScriptingTraits (0ms)
			SetupTypeCache (98ms)
			ReleaseScriptCaches (0ms)
			RebuildScriptCaches (20ms)
			SetupLoadedEditorAssemblies (116ms)
				LogAssemblyErrors (0ms)
				InitializePlatformSupportModulesInManaged (2ms)
				SetLoadedEditorAssemblies (0ms)
				RefreshPlugins (33ms)
				BeforeProcessingInitializeOnLoad (11ms)
				ProcessInitializeOnLoadAttributes (51ms)
				ProcessInitializeOnLoadMethodAttributes (17ms)
				AfterProcessingInitializeOnLoad (0ms)
				EditorAssembliesLoaded (0ms)
			ExecutionOrderSort2 (0ms)
			AwakeInstancesAfterBackupRestoration (0ms)
Platform modules already initialized, skipping
Registering precompiled user dll's ...
Registered in 0.001931 seconds.
Begin MonoManager ReloadAssembly
Native extension for WindowsStandalone target not found
Refreshing native plugins compatible for Editor in 34.21 ms, found 3 plugins.
Preloading 0 native plugins for Editor in 0.00 ms.
Mono: successfully reloaded assembly
- Completed reload, in  0.748 seconds
Domain Reload Profiling:
	ReloadAssembly (749ms)
		BeginReloadAssembly (96ms)
			ExecutionOrderSort (0ms)
			DisableScriptedObjects (3ms)
			BackupInstance (0ms)
			ReleaseScriptingObjects (0ms)
			CreateAndSetChildDomain (14ms)
		EndReloadAssembly (613ms)
			LoadAssemblies (57ms)
			RebuildTransferFunctionScriptingTraits (0ms)
			SetupTypeCache (187ms)
			ReleaseScriptCaches (0ms)
			RebuildScriptCaches (36ms)
			SetupLoadedEditorAssemblies (249ms)
				LogAssemblyErrors (0ms)
				InitializePlatformSupportModulesInManaged (3ms)
				SetLoadedEditorAssemblies (0ms)
				RefreshPlugins (34ms)
				BeforeProcessingInitializeOnLoad (56ms)
				ProcessInitializeOnLoadAttributes (141ms)
				ProcessInitializeOnLoadMethodAttributes (10ms)
				AfterProcessingInitializeOnLoad (4ms)
				EditorAssembliesLoaded (0ms)
			ExecutionOrderSort2 (0ms)
			AwakeInstancesAfterBackupRestoration (4ms)
Platform modules already initialized, skipping
========================================================================
Worker process is ready to serve import requests
Launched and connected shader compiler UnityShaderCompiler.exe after 0.03 seconds
Refreshing native plugins compatible for Editor in 0.47 ms, found 3 plugins.
Preloading 0 native plugins for Editor in 0.00 ms.
Unloading 2238 Unused Serialized files (Serialized files now loaded: 0)
System memory in use before: 97.9 MB.
System memory in use after: 98.0 MB.

Unloading 27 unused Assets to reduce memory usage. Loaded Objects now: 2678.
Total: 2.770600 ms (FindLiveObjects: 0.195200 ms CreateObjectMapping: 0.043800 ms MarkObjects: 2.453900 ms  DeleteObjects: 0.076400 ms)

AssetImportParameters requested are different than current active one (requested -> active):
  custom:framework-win-MediaFoundation: 216162199b28c13a410421893ffa2e32 -> 
  custom:video-decoder-ogg-theora: a1e56fd34408186e4bbccfd4996cb3dc -> 
  custom:container-muxer-webm: aa71ff27fc2769a1b78a27578f13a17b -> 
  custom:container-demuxer-webm: 4f35f7cbe854078d1ac9338744f61a02 -> 
  custom:container-demuxer-ogg: 62fdf1f143b41e24485cea50d1cbac27 -> 
  custom:video-encoder-webm-vp8: eb34c28f22e8b96e1ab97ce403110664 -> 
  custom:video-codec-MediaFoundation-h265: 746d11721c4dcdbdad8f713fa42b33f4 -> 
  custom:video-decoder-webm-vp8: 9c59270c3fd7afecdb556c50c9e8de78 -> 
  custom:audio-decoder-ogg-vorbis: bf7c407c2cedff20999df2af8eb42d56 -> 
  custom:audio-encoder-webm-vorbis: bf7c407c2cedff20999df2af8eb42d56 -> 
========================================================================
Received Import Request.
  path: Assets
  artifactKey: Guid(00000000000000001000000000000000) Importer(815301076,1909f56bfc062723c751e8b465ee728b)
Start importing Assets using Guid(00000000000000001000000000000000) Importer(815301076,1909f56bfc062723c751e8b465ee728b)  -> (artifact id: '42d402b061de3733987d63b9cc3b64de') in 0.008480 seconds 
  Import took 0.011217 seconds .

========================================================================
Received Import Request.
  Time since last request: 5.566920 seconds.
  path: Assets/Scripts
  artifactKey: Guid(9f32fc111a950e14a9fd8ee3f45daafa) Importer(815301076,1909f56bfc062723c751e8b465ee728b)
Start importing Assets/Scripts using Guid(9f32fc111a950e14a9fd8ee3f45daafa) Importer(815301076,1909f56bfc062723c751e8b465ee728b)  -> (artifact id: '23689750ba81e6b93a9231c5e260b036') in 0.005168 seconds 
  Import took 0.008052 seconds .

========================================================================
Received Import Request.
  Time since last request: 9.624536 seconds.
  path: Assets/Scripts/PlayerMovement.cs
  artifactKey: Guid(2e36eaaaea5c17443ac348480eac2861) Importer(815301076,1909f56bfc062723c751e8b465ee728b)
Start importing Assets/Scripts/PlayerMovement.cs using Guid(2e36eaaaea5c17443ac348480eac2861) Importer(815301076,1909f56bfc062723c751e8b465ee728b)  -> (artifact id: 'b3021f1b0b4e433fc779ecbce0e0859c') in 0.020257 seconds 
  Import took 0.023059 seconds .

========================================================================
Received Prepare
Registering precompiled user dll's ...
Registered in 0.002006 seconds.
Begin MonoManager ReloadAssembly
Native extension for WindowsStandalone target not found
Refreshing native plugins compatible for Editor in 0.46 ms, found 3 plugins.
Preloading 0 native plugins for Editor in 0.00 ms.
Mono: successfully reloaded assembly
- Completed reload, in  0.753 seconds
Domain Reload Profiling:
	ReloadAssembly (753ms)
		BeginReloadAssembly (82ms)
			ExecutionOrderSort (0ms)
			DisableScriptedObjects (4ms)
			BackupInstance (0ms)
			ReleaseScriptingObjects (0ms)
			CreateAndSetChildDomain (27ms)
		EndReloadAssembly (627ms)
			LoadAssemblies (60ms)
			RebuildTransferFunctionScriptingTraits (0ms)
			SetupTypeCache (212ms)
			ReleaseScriptCaches (1ms)
			RebuildScriptCaches (35ms)
			SetupLoadedEditorAssemblies (230ms)
				LogAssemblyErrors (0ms)
				InitializePlatformSupportModulesInManaged (4ms)
				SetLoadedEditorAssemblies (0ms)
				RefreshPlugins (1ms)
				BeforeProcessingInitializeOnLoad (60ms)
				ProcessInitializeOnLoadAttributes (158ms)
				ProcessInitializeOnLoadMethodAttributes (4ms)
				AfterProcessingInitializeOnLoad (4ms)
				EditorAssembliesLoaded (0ms)
			ExecutionOrderSort2 (0ms)
			AwakeInstancesAfterBackupRestoration (8ms)
Platform modules already initialized, skipping
Refreshing native plugins compatible for Editor in 0.46 ms, found 3 plugins.
Preloading 0 native plugins for Editor in 0.00 ms.
Unloading 2227 Unused Serialized files (Serialized files now loaded: 0)
System memory in use before: 97.4 MB.
System memory in use after: 97.5 MB.

Unloading 15 unused Assets to reduce memory usage. Loaded Objects now: 2682.
Total: 2.424200 ms (FindLiveObjects: 0.154400 ms CreateObjectMapping: 0.039700 ms MarkObjects: 2.206200 ms  DeleteObjects: 0.022900 ms)

AssetImportParameters requested are different than current active one (requested -> active):
  custom:framework-win-MediaFoundation: 216162199b28c13a410421893ffa2e32 -> 
  custom:video-decoder-ogg-theora: a1e56fd34408186e4bbccfd4996cb3dc -> 
  custom:container-muxer-webm: aa71ff27fc2769a1b78a27578f13a17b -> 
  custom:container-demuxer-webm: 4f35f7cbe854078d1ac9338744f61a02 -> 
  custom:container-demuxer-ogg: 62fdf1f143b41e24485cea50d1cbac27 -> 
  custom:video-encoder-webm-vp8: eb34c28f22e8b96e1ab97ce403110664 -> 
  custom:video-codec-MediaFoundation-h265: 746d11721c4dcdbdad8f713fa42b33f4 -> 
  custom:video-decoder-webm-vp8: 9c59270c3fd7afecdb556c50c9e8de78 -> 
  custom:audio-decoder-ogg-vorbis: bf7c407c2cedff20999df2af8eb42d56 -> 
  custom:audio-encoder-webm-vorbis: bf7c407c2cedff20999df2af8eb42d56 -> 
========================================================================
Received Prepare
Registering precompiled user dll's ...
Registered in 0.002376 seconds.
Begin MonoManager ReloadAssembly
Native extension for WindowsStandalone target not found
Refreshing native plugins compatible for Editor in 0.64 ms, found 3 plugins.
Preloading 0 native plugins for Editor in 0.00 ms.
Mono: successfully reloaded assembly
- Completed reload, in  0.774 seconds
Domain Reload Profiling:
	ReloadAssembly (775ms)
		BeginReloadAssembly (102ms)
			ExecutionOrderSort (0ms)
			DisableScriptedObjects (5ms)
			BackupInstance (0ms)
			ReleaseScriptingObjects (0ms)
			CreateAndSetChildDomain (34ms)
		EndReloadAssembly (624ms)
			LoadAssemblies (68ms)
			RebuildTransferFunctionScriptingTraits (0ms)
			SetupTypeCache (211ms)
			ReleaseScriptCaches (1ms)
			RebuildScriptCaches (33ms)
			SetupLoadedEditorAssemblies (236ms)
				LogAssemblyErrors (0ms)
				InitializePlatformSupportModulesInManaged (4ms)
				SetLoadedEditorAssemblies (0ms)
				RefreshPlugins (1ms)
				BeforeProcessingInitializeOnLoad (63ms)
				ProcessInitializeOnLoadAttributes (159ms)
				ProcessInitializeOnLoadMethodAttributes (5ms)
				AfterProcessingInitializeOnLoad (4ms)
				EditorAssembliesLoaded (0ms)
			ExecutionOrderSort2 (0ms)
			AwakeInstancesAfterBackupRestoration (8ms)
Platform modules already initialized, skipping
Refreshing native plugins compatible for Editor in 0.48 ms, found 3 plugins.
Preloading 0 native plugins for Editor in 0.00 ms.
Unloading 2227 Unused Serialized files (Serialized files now loaded: 0)
System memory in use before: 97.4 MB.
System memory in use after: 97.6 MB.

Unloading 15 unused Assets to reduce memory usage. Loaded Objects now: 2685.
Total: 2.530600 ms (FindLiveObjects: 0.152600 ms CreateObjectMapping: 0.037000 ms MarkObjects: 2.305000 ms  DeleteObjects: 0.033900 ms)

AssetImportParameters requested are different than current active one (requested -> active):
  custom:framework-win-MediaFoundation: 216162199b28c13a410421893ffa2e32 -> 
  custom:video-decoder-ogg-theora: a1e56fd34408186e4bbccfd4996cb3dc -> 
  custom:container-muxer-webm: aa71ff27fc2769a1b78a27578f13a17b -> 
  custom:container-demuxer-webm: 4f35f7cbe854078d1ac9338744f61a02 -> 
  custom:container-demuxer-ogg: 62fdf1f143b41e24485cea50d1cbac27 -> 
  custom:video-encoder-webm-vp8: eb34c28f22e8b96e1ab97ce403110664 -> 
  custom:video-codec-MediaFoundation-h265: 746d11721c4dcdbdad8f713fa42b33f4 -> 
  custom:video-decoder-webm-vp8: 9c59270c3fd7afecdb556c50c9e8de78 -> 
  custom:audio-decoder-ogg-vorbis: bf7c407c2cedff20999df2af8eb42d56 -> 
  custom:audio-encoder-webm-vorbis: bf7c407c2cedff20999df2af8eb42d56 -> 
========================================================================
Received Prepare
Registering precompiled user dll's ...
Registered in 0.002239 seconds.
Begin MonoManager ReloadAssembly
Native extension for WindowsStandalone target not found
Refreshing native plugins compatible for Editor in 0.49 ms, found 3 plugins.
Preloading 0 native plugins for Editor in 0.00 ms.
Mono: successfully reloaded assembly
- Completed reload, in  0.798 seconds
Domain Reload Profiling:
	ReloadAssembly (798ms)
		BeginReloadAssembly (95ms)
			ExecutionOrderSort (0ms)
			DisableScriptedObjects (5ms)
			BackupInstance (0ms)
			ReleaseScriptingObjects (0ms)
			CreateAndSetChildDomain (32ms)
		EndReloadAssembly (653ms)
			LoadAssemblies (74ms)
			RebuildTransferFunctionScriptingTraits (0ms)
			SetupTypeCache (213ms)
			ReleaseScriptCaches (1ms)
			RebuildScriptCaches (36ms)
			SetupLoadedEditorAssemblies (251ms)
				LogAssemblyErrors (0ms)
				InitializePlatformSupportModulesInManaged (4ms)
				SetLoadedEditorAssemblies (0ms)
				RefreshPlugins (1ms)
				BeforeProcessingInitializeOnLoad (62ms)
				ProcessInitializeOnLoadAttributes (175ms)
				ProcessInitializeOnLoadMethodAttributes (5ms)
				AfterProcessingInitializeOnLoad (4ms)
				EditorAssembliesLoaded (0ms)
			ExecutionOrderSort2 (0ms)
			AwakeInstancesAfterBackupRestoration (8ms)
Platform modules already initialized, skipping
Refreshing native plugins compatible for Editor in 0.51 ms, found 3 plugins.
Preloading 0 native plugins for Editor in 0.00 ms.
Unloading 2227 Unused Serialized files (Serialized files now loaded: 0)
System memory in use before: 97.5 MB.
System memory in use after: 97.6 MB.

Unloading 15 unused Assets to reduce memory usage. Loaded Objects now: 2688.
Total: 2.508900 ms (FindLiveObjects: 0.146200 ms CreateObjectMapping: 0.038400 ms MarkObjects: 2.303900 ms  DeleteObjects: 0.018900 ms)

AssetImportParameters requested are different than current active one (requested -> active):
  custom:framework-win-MediaFoundation: 216162199b28c13a410421893ffa2e32 -> 
  custom:video-decoder-ogg-theora: a1e56fd34408186e4bbccfd4996cb3dc -> 
  custom:container-muxer-webm: aa71ff27fc2769a1b78a27578f13a17b -> 
  custom:container-demuxer-webm: 4f35f7cbe854078d1ac9338744f61a02 -> 
  custom:container-demuxer-ogg: 62fdf1f143b41e24485cea50d1cbac27 -> 
  custom:video-encoder-webm-vp8: eb34c28f22e8b96e1ab97ce403110664 -> 
  custom:video-codec-MediaFoundation-h265: 746d11721c4dcdbdad8f713fa42b33f4 -> 
  custom:video-decoder-webm-vp8: 9c59270c3fd7afecdb556c50c9e8de78 -> 
  custom:audio-decoder-ogg-vorbis: bf7c407c2cedff20999df2af8eb42d56 -> 
  custom:audio-encoder-webm-vorbis: bf7c407c2cedff20999df2af8eb42d56 -> 
========================================================================
Received Prepare
Registering precompiled user dll's ...
Registered in 0.002217 seconds.
Begin MonoManager ReloadAssembly
Native extension for WindowsStandalone target not found
Refreshing native plugins compatible for Editor in 0.45 ms, found 3 plugins.
Preloading 0 native plugins for Editor in 0.00 ms.
Mono: successfully reloaded assembly
- Completed reload, in  0.815 seconds
Domain Reload Profiling:
	ReloadAssembly (815ms)
		BeginReloadAssembly (111ms)
			ExecutionOrderSort (0ms)
			DisableScriptedObjects (4ms)
			BackupInstance (0ms)
			ReleaseScriptingObjects (0ms)
			CreateAndSetChildDomain (42ms)
		EndReloadAssembly (643ms)
			LoadAssemblies (83ms)
			RebuildTransferFunctionScriptingTraits (0ms)
			SetupTypeCache (212ms)
			ReleaseScriptCaches (1ms)
			RebuildScriptCaches (34ms)
			SetupLoadedEditorAssemblies (242ms)
				LogAssemblyErrors (0ms)
				InitializePlatformSupportModulesInManaged (4ms)
				SetLoadedEditorAssemblies (0ms)
				RefreshPlugins (1ms)
				BeforeProcessingInitializeOnLoad (67ms)
				ProcessInitializeOnLoadAttributes (162ms)
				ProcessInitializeOnLoadMethodAttributes (4ms)
				AfterProcessingInitializeOnLoad (4ms)
				EditorAssembliesLoaded (0ms)
			ExecutionOrderSort2 (0ms)
			AwakeInstancesAfterBackupRestoration (8ms)
Platform modules already initialized, skipping
Refreshing native plugins compatible for Editor in 0.44 ms, found 3 plugins.
Preloading 0 native plugins for Editor in 0.00 ms.
Unloading 2226 Unused Serialized files (Serialized files now loaded: 0)
System memory in use before: 97.5 MB.
System memory in use after: 97.6 MB.

Unloading 16 unused Assets to reduce memory usage. Loaded Objects now: 2690.
Total: 2.670700 ms (FindLiveObjects: 0.191600 ms CreateObjectMapping: 0.039000 ms MarkObjects: 2.412300 ms  DeleteObjects: 0.026600 ms)

AssetImportParameters requested are different than current active one (requested -> active):
  custom:framework-win-MediaFoundation: 216162199b28c13a410421893ffa2e32 -> 
  custom:video-decoder-ogg-theora: a1e56fd34408186e4bbccfd4996cb3dc -> 
  custom:container-muxer-webm: aa71ff27fc2769a1b78a27578f13a17b -> 
  custom:container-demuxer-webm: 4f35f7cbe854078d1ac9338744f61a02 -> 
  custom:container-demuxer-ogg: 62fdf1f143b41e24485cea50d1cbac27 -> 
  custom:video-encoder-webm-vp8: eb34c28f22e8b96e1ab97ce403110664 -> 
  custom:video-codec-MediaFoundation-h265: 746d11721c4dcdbdad8f713fa42b33f4 -> 
  custom:video-decoder-webm-vp8: 9c59270c3fd7afecdb556c50c9e8de78 -> 
  custom:audio-decoder-ogg-vorbis: bf7c407c2cedff20999df2af8eb42d56 -> 
  custom:audio-encoder-webm-vorbis: bf7c407c2cedff20999df2af8eb42d56 -> 
========================================================================
Received Import Request.
  Time since last request: 543.383868 seconds.
  path: Assets/Scripts/PlayerController.cs
  artifactKey: Guid(7353a245fdb863841adc2e09964fda08) Importer(815301076,1909f56bfc062723c751e8b465ee728b)
Start importing Assets/Scripts/PlayerController.cs using Guid(7353a245fdb863841adc2e09964fda08) Importer(815301076,1909f56bfc062723c751e8b465ee728b)  -> (artifact id: 'fdb6e0201497da816c219532228e0c1f') in 0.009977 seconds 
  Import took 0.013237 seconds .

========================================================================
Received Import Request.
  Time since last request: 0.002742 seconds.
  path: Assets/Scripts/PlayerController.cs
  artifactKey: Guid(7353a245fdb863841adc2e09964fda08) Importer(815301076,1909f56bfc062723c751e8b465ee728b)
Start importing Assets/Scripts/PlayerController.cs using Guid(7353a245fdb863841adc2e09964fda08) Importer(815301076,1909f56bfc062723c751e8b465ee728b)  -> (artifact id: 'fdb6e0201497da816c219532228e0c1f') in 0.001669 seconds 
  Import took 0.004998 seconds .

========================================================================
Received Prepare
Registering precompiled user dll's ...
Registered in 0.002801 seconds.
Begin MonoManager ReloadAssembly
Native extension for WindowsStandalone target not found
Refreshing native plugins compatible for Editor in 0.46 ms, found 3 plugins.
Preloading 0 native plugins for Editor in 0.00 ms.
Mono: successfully reloaded assembly
- Completed reload, in  0.735 seconds
Domain Reload Profiling:
	ReloadAssembly (735ms)
		BeginReloadAssembly (89ms)
			ExecutionOrderSort (0ms)
			DisableScriptedObjects (4ms)
			BackupInstance (0ms)
			ReleaseScriptingObjects (0ms)
			CreateAndSetChildDomain (29ms)
		EndReloadAssembly (601ms)
			LoadAssemblies (64ms)
			RebuildTransferFunctionScriptingTraits (0ms)
			SetupTypeCache (203ms)
			ReleaseScriptCaches (1ms)
			RebuildScriptCaches (32ms)
			SetupLoadedEditorAssemblies (225ms)
				LogAssemblyErrors (0ms)
				InitializePlatformSupportModulesInManaged (4ms)
				SetLoadedEditorAssemblies (0ms)
				RefreshPlugins (1ms)
				BeforeProcessingInitializeOnLoad (60ms)
				ProcessInitializeOnLoadAttributes (152ms)
				ProcessInitializeOnLoadMethodAttributes (5ms)
				AfterProcessingInitializeOnLoad (4ms)
				EditorAssembliesLoaded (0ms)
			ExecutionOrderSort2 (0ms)
			AwakeInstancesAfterBackupRestoration (8ms)
Platform modules already initialized, skipping
Refreshing native plugins compatible for Editor in 0.43 ms, found 3 plugins.
Preloading 0 native plugins for Editor in 0.00 ms.
Unloading 2227 Unused Serialized files (Serialized files now loaded: 0)
System memory in use before: 97.4 MB.
System memory in use after: 97.5 MB.

Unloading 15 unused Assets to reduce memory usage. Loaded Objects now: 2694.
Total: 2.486200 ms (FindLiveObjects: 0.159100 ms CreateObjectMapping: 0.036100 ms MarkObjects: 2.271700 ms  DeleteObjects: 0.018000 ms)

AssetImportParameters requested are different than current active one (requested -> active):
  custom:framework-win-MediaFoundation: 216162199b28c13a410421893ffa2e32 -> 
  custom:video-decoder-ogg-theora: a1e56fd34408186e4bbccfd4996cb3dc -> 
  custom:container-muxer-webm: aa71ff27fc2769a1b78a27578f13a17b -> 
  custom:container-demuxer-webm: 4f35f7cbe854078d1ac9338744f61a02 -> 
  custom:container-demuxer-ogg: 62fdf1f143b41e24485cea50d1cbac27 -> 
  custom:video-encoder-webm-vp8: eb34c28f22e8b96e1ab97ce403110664 -> 
  custom:video-codec-MediaFoundation-h265: 746d11721c4dcdbdad8f713fa42b33f4 -> 
  custom:video-decoder-webm-vp8: 9c59270c3fd7afecdb556c50c9e8de78 -> 
  custom:audio-decoder-ogg-vorbis: bf7c407c2cedff20999df2af8eb42d56 -> 
  custom:audio-encoder-webm-vorbis: bf7c407c2cedff20999df2af8eb42d56 -> 
========================================================================
Received Prepare
Registering precompiled user dll's ...
Registered in 0.002087 seconds.
Begin MonoManager ReloadAssembly
Native extension for WindowsStandalone target not found
Refreshing native plugins compatible for Editor in 0.59 ms, found 3 plugins.
Preloading 0 native plugins for Editor in 0.00 ms.
Mono: successfully reloaded assembly
- Completed reload, in  0.766 seconds
Domain Reload Profiling:
	ReloadAssembly (766ms)
		BeginReloadAssembly (92ms)
			ExecutionOrderSort (0ms)
			DisableScriptedObjects (6ms)
			BackupInstance (0ms)
			ReleaseScriptingObjects (0ms)
			CreateAndSetChildDomain (31ms)
		EndReloadAssembly (620ms)
			LoadAssemblies (68ms)
			RebuildTransferFunctionScriptingTraits (0ms)
			SetupTypeCache (212ms)
			ReleaseScriptCaches (1ms)
			RebuildScriptCaches (34ms)
			SetupLoadedEditorAssemblies (234ms)
				LogAssemblyErrors (0ms)
				InitializePlatformSupportModulesInManaged (4ms)
				SetLoadedEditorAssemblies (0ms)
				RefreshPlugins (1ms)
				BeforeProcessingInitializeOnLoad (61ms)
				ProcessInitializeOnLoadAttributes (160ms)
				ProcessInitializeOnLoadMethodAttributes (5ms)
				AfterProcessingInitializeOnLoad (4ms)
				EditorAssembliesLoaded (0ms)
			ExecutionOrderSort2 (0ms)
			AwakeInstancesAfterBackupRestoration (8ms)
Platform modules already initialized, skipping
Refreshing native plugins compatible for Editor in 0.44 ms, found 3 plugins.
Preloading 0 native plugins for Editor in 0.00 ms.
Unloading 2227 Unused Serialized files (Serialized files now loaded: 0)
System memory in use before: 97.5 MB.
System memory in use after: 97.6 MB.

Unloading 15 unused Assets to reduce memory usage. Loaded Objects now: 2697.
Total: 2.440000 ms (FindLiveObjects: 0.151500 ms CreateObjectMapping: 0.035600 ms MarkObjects: 2.233900 ms  DeleteObjects: 0.017900 ms)

AssetImportParameters requested are different than current active one (requested -> active):
  custom:framework-win-MediaFoundation: 216162199b28c13a410421893ffa2e32 -> 
  custom:video-decoder-ogg-theora: a1e56fd34408186e4bbccfd4996cb3dc -> 
  custom:container-muxer-webm: aa71ff27fc2769a1b78a27578f13a17b -> 
  custom:container-demuxer-webm: 4f35f7cbe854078d1ac9338744f61a02 -> 
  custom:container-demuxer-ogg: 62fdf1f143b41e24485cea50d1cbac27 -> 
  custom:video-encoder-webm-vp8: eb34c28f22e8b96e1ab97ce403110664 -> 
  custom:video-codec-MediaFoundation-h265: 746d11721c4dcdbdad8f713fa42b33f4 -> 
  custom:video-decoder-webm-vp8: 9c59270c3fd7afecdb556c50c9e8de78 -> 
  custom:audio-decoder-ogg-vorbis: bf7c407c2cedff20999df2af8eb42d56 -> 
  custom:audio-encoder-webm-vorbis: bf7c407c2cedff20999df2af8eb42d56 -> 
========================================================================
Received Import Request.
  Time since last request: 158.737610 seconds.
  path: Assets/Scripts/PlayerController.cs
  artifactKey: Guid(7353a245fdb863841adc2e09964fda08) Importer(815301076,1909f56bfc062723c751e8b465ee728b)
Start importing Assets/Scripts/PlayerController.cs using Guid(7353a245fdb863841adc2e09964fda08) Importer(815301076,1909f56bfc062723c751e8b465ee728b)  -> (artifact id: '9cd62f04f4685cb0ce50208f8f71ce58') in 0.005107 seconds 
  Import took 0.008455 seconds .

========================================================================
Received Prepare
Registering precompiled user dll's ...
Registered in 0.002507 seconds.
Begin MonoManager ReloadAssembly
Native extension for WindowsStandalone target not found
Refreshing native plugins compatible for Editor in 0.43 ms, found 3 plugins.
Preloading 0 native plugins for Editor in 0.00 ms.
Mono: successfully reloaded assembly
- Completed reload, in  0.746 seconds
Domain Reload Profiling:
	ReloadAssembly (747ms)
		BeginReloadAssembly (93ms)
			ExecutionOrderSort (0ms)
			DisableScriptedObjects (4ms)
			BackupInstance (0ms)
			ReleaseScriptingObjects (0ms)
			CreateAndSetChildDomain (29ms)
		EndReloadAssembly (606ms)
			LoadAssemblies (61ms)
			RebuildTransferFunctionScriptingTraits (0ms)
			SetupTypeCache (198ms)
			ReleaseScriptCaches (1ms)
			RebuildScriptCaches (34ms)
			SetupLoadedEditorAssemblies (234ms)
				LogAssemblyErrors (0ms)
				InitializePlatformSupportModulesInManaged (4ms)
				SetLoadedEditorAssemblies (0ms)
				RefreshPlugins (0ms)
				BeforeProcessingInitializeOnLoad (61ms)
				ProcessInitializeOnLoadAttributes (160ms)
				ProcessInitializeOnLoadMethodAttributes (4ms)
				AfterProcessingInitializeOnLoad (4ms)
				EditorAssembliesLoaded (0ms)
			ExecutionOrderSort2 (0ms)
			AwakeInstancesAfterBackupRestoration (8ms)
Platform modules already initialized, skipping
Refreshing native plugins compatible for Editor in 0.44 ms, found 3 plugins.
Preloading 0 native plugins for Editor in 0.00 ms.
Unloading 2227 Unused Serialized files (Serialized files now loaded: 0)
System memory in use before: 97.5 MB.
System memory in use after: 97.6 MB.

Unloading 15 unused Assets to reduce memory usage. Loaded Objects now: 2700.
Total: 2.407700 ms (FindLiveObjects: 0.158200 ms CreateObjectMapping: 0.036900 ms MarkObjects: 2.192000 ms  DeleteObjects: 0.019300 ms)

AssetImportParameters requested are different than current active one (requested -> active):
  custom:framework-win-MediaFoundation: 216162199b28c13a410421893ffa2e32 -> 
  custom:video-decoder-ogg-theora: a1e56fd34408186e4bbccfd4996cb3dc -> 
  custom:container-muxer-webm: aa71ff27fc2769a1b78a27578f13a17b -> 
  custom:container-demuxer-webm: 4f35f7cbe854078d1ac9338744f61a02 -> 
  custom:container-demuxer-ogg: 62fdf1f143b41e24485cea50d1cbac27 -> 
  custom:video-encoder-webm-vp8: eb34c28f22e8b96e1ab97ce403110664 -> 
  custom:video-codec-MediaFoundation-h265: 746d11721c4dcdbdad8f713fa42b33f4 -> 
  custom:video-decoder-webm-vp8: 9c59270c3fd7afecdb556c50c9e8de78 -> 
  custom:audio-decoder-ogg-vorbis: bf7c407c2cedff20999df2af8eb42d56 -> 
  custom:audio-encoder-webm-vorbis: bf7c407c2cedff20999df2af8eb42d56 -> 
========================================================================
Received Import Request.
  Time since last request: 31.800403 seconds.
  path: Assets/Scripts/PlayerController.cs
  artifactKey: Guid(7353a245fdb863841adc2e09964fda08) Importer(815301076,1909f56bfc062723c751e8b465ee728b)
Start importing Assets/Scripts/PlayerController.cs using Guid(7353a245fdb863841adc2e09964fda08) Importer(815301076,1909f56bfc062723c751e8b465ee728b)  -> (artifact id: '57359fa2e0739f929f423da545d63df3') in 0.004187 seconds 
  Import took 0.006818 seconds .

========================================================================
Received Import Request.
  Time since last request: 45.890121 seconds.
  path: ProjectSettings/TagManager.asset
  artifactKey: Guid(00000000000000003000000000000000) Importer(815301076,1909f56bfc062723c751e8b465ee728b)
Start importing ProjectSettings/TagManager.asset using Guid(00000000000000003000000000000000) Importer(815301076,1909f56bfc062723c751e8b465ee728b)  -> (artifact id: '970922bef3e2938c6e7aaffc55872d66') in 0.019297 seconds 
  Import took 0.023204 seconds .

========================================================================
Received Prepare
Registering precompiled user dll's ...
Registered in 0.002166 seconds.
Begin MonoManager ReloadAssembly
Native extension for WindowsStandalone target not found
Refreshing native plugins compatible for Editor in 0.44 ms, found 3 plugins.
Preloading 0 native plugins for Editor in 0.00 ms.
Mono: successfully reloaded assembly
- Completed reload, in  0.777 seconds
Domain Reload Profiling:
	ReloadAssembly (777ms)
		BeginReloadAssembly (93ms)
			ExecutionOrderSort (0ms)
			DisableScriptedObjects (5ms)
			BackupInstance (0ms)
			ReleaseScriptingObjects (0ms)
			CreateAndSetChildDomain (31ms)
		EndReloadAssembly (632ms)
			LoadAssemblies (64ms)
			RebuildTransferFunctionScriptingTraits (0ms)
			SetupTypeCache (219ms)
			ReleaseScriptCaches (1ms)
			RebuildScriptCaches (34ms)
			SetupLoadedEditorAssemblies (238ms)
				LogAssemblyErrors (0ms)
				InitializePlatformSupportModulesInManaged (4ms)
				SetLoadedEditorAssemblies (0ms)
				RefreshPlugins (0ms)
				BeforeProcessingInitializeOnLoad (64ms)
				ProcessInitializeOnLoadAttributes (161ms)
				ProcessInitializeOnLoadMethodAttributes (4ms)
				AfterProcessingInitializeOnLoad (4ms)
				EditorAssembliesLoaded (0ms)
			ExecutionOrderSort2 (0ms)
			AwakeInstancesAfterBackupRestoration (9ms)
Platform modules already initialized, skipping
Refreshing native plugins compatible for Editor in 0.43 ms, found 3 plugins.
Preloading 0 native plugins for Editor in 0.00 ms.
Unloading 2227 Unused Serialized files (Serialized files now loaded: 0)
System memory in use before: 97.5 MB.
System memory in use after: 97.7 MB.

Unloading 16 unused Assets to reduce memory usage. Loaded Objects now: 2703.
Total: 2.555500 ms (FindLiveObjects: 0.154000 ms CreateObjectMapping: 0.037000 ms MarkObjects: 2.342800 ms  DeleteObjects: 0.020100 ms)

AssetImportParameters requested are different than current active one (requested -> active):
  custom:framework-win-MediaFoundation: 216162199b28c13a410421893ffa2e32 -> 
  custom:video-decoder-ogg-theora: a1e56fd34408186e4bbccfd4996cb3dc -> 
  custom:container-muxer-webm: aa71ff27fc2769a1b78a27578f13a17b -> 
  custom:container-demuxer-webm: 4f35f7cbe854078d1ac9338744f61a02 -> 
  custom:container-demuxer-ogg: 62fdf1f143b41e24485cea50d1cbac27 -> 
  custom:video-encoder-webm-vp8: eb34c28f22e8b96e1ab97ce403110664 -> 
  custom:video-codec-MediaFoundation-h265: 746d11721c4dcdbdad8f713fa42b33f4 -> 
  custom:video-decoder-webm-vp8: 9c59270c3fd7afecdb556c50c9e8de78 -> 
  custom:audio-decoder-ogg-vorbis: bf7c407c2cedff20999df2af8eb42d56 -> 
  custom:audio-encoder-webm-vorbis: bf7c407c2cedff20999df2af8eb42d56 -> 
========================================================================
Received Import Request.
  Time since last request: 404.227268 seconds.
  path: Assets/Scripts/PlayerController.cs
  artifactKey: Guid(7353a245fdb863841adc2e09964fda08) Importer(815301076,1909f56bfc062723c751e8b465ee728b)
Start importing Assets/Scripts/PlayerController.cs using Guid(7353a245fdb863841adc2e09964fda08) Importer(815301076,1909f56bfc062723c751e8b465ee728b)  -> (artifact id: '9d396027d3313a198d05fe0d60ef99c2') in 0.004447 seconds 
  Import took 0.007586 seconds .

========================================================================
Received Import Request.
  Time since last request: 269.548542 seconds.
  path: Assets/Pixel Adventure 1/Assets/Background/Tilemap/Blue.png
  artifactKey: Guid(8049ea91a9d5fca4dab4024c0915dbe6) Importer(815301076,1909f56bfc062723c751e8b465ee728b)
Start importing Assets/Pixel Adventure 1/Assets/Background/Tilemap/Blue.png using Guid(8049ea91a9d5fca4dab4024c0915dbe6) Importer(815301076,1909f56bfc062723c751e8b465ee728b)  -> (artifact id: '83f03ff4f414bae03ff099039ad9b85d') in 0.085118 seconds 
  Import took 0.089039 seconds .

========================================================================
Received Import Request.
  Time since last request: 0.000212 seconds.
  path: Assets/Pixel Adventure 1/Assets/Background/Tilemap/Gray.png
  artifactKey: Guid(ffc80c129c9aca14c9fb4dbeba0e10d2) Importer(815301076,1909f56bfc062723c751e8b465ee728b)
Start importing Assets/Pixel Adventure 1/Assets/Background/Tilemap/Gray.png using Guid(ffc80c129c9aca14c9fb4dbeba0e10d2) Importer(815301076,1909f56bfc062723c751e8b465ee728b)  -> (artifact id: 'fb5a4f8954b471713556b54f0236defd') in 0.011692 seconds 
  Import took 0.014914 seconds .

========================================================================
Received Import Request.
  Time since last request: 0.000223 seconds.
  path: Assets/Pixel Adventure 1/Assets/Background/Tilemap/Green.png
  artifactKey: Guid(2538710101d0f1f4e8976b3495cd1f75) Importer(815301076,1909f56bfc062723c751e8b465ee728b)
Start importing Assets/Pixel Adventure 1/Assets/Background/Tilemap/Green.png using Guid(2538710101d0f1f4e8976b3495cd1f75) Importer(815301076,1909f56bfc062723c751e8b465ee728b)  -> (artifact id: '2cd0bd56fbd00fad9fc28b90ea4d12c0') in 0.011782 seconds 
  Import took 0.014902 seconds .

========================================================================
Received Import Request.
  Time since last request: 0.000224 seconds.
  path: Assets/Pixel Adventure 1/Assets/Background/Tilemap/Yellow.png
  artifactKey: Guid(4d8c75a4d7dd2a0489270e1058d82128) Importer(815301076,1909f56bfc062723c751e8b465ee728b)
Start importing Assets/Pixel Adventure 1/Assets/Background/Tilemap/Yellow.png using Guid(4d8c75a4d7dd2a0489270e1058d82128) Importer(815301076,1909f56bfc062723c751e8b465ee728b)  -> (artifact id: '399da867fc548bea1fc132f2f86328a5') in 0.011756 seconds 
  Import took 0.014836 seconds .

========================================================================
Received Import Request.
  Time since last request: 0.000220 seconds.
  path: Assets/Pixel Adventure 1/Assets/Background/Tilemap/Pink.png
  artifactKey: Guid(348c3b734b11d3b4aa5c69e25b7113e6) Importer(815301076,1909f56bfc062723c751e8b465ee728b)
Start importing Assets/Pixel Adventure 1/Assets/Background/Tilemap/Pink.png using Guid(348c3b734b11d3b4aa5c69e25b7113e6) Importer(815301076,1909f56bfc062723c751e8b465ee728b)  -> (artifact id: 'c67e01d531e334c46a4dd1f8a7c82528') in 0.010720 seconds 
  Import took 0.013729 seconds .

========================================================================
Received Import Request.
  Time since last request: 0.000275 seconds.
  path: Assets/Pixel Adventure 1/Assets/Background/Tilemap/Brown.png
  artifactKey: Guid(ca6a66f8e2ae9c24c8c6b39c49206a0d) Importer(815301076,1909f56bfc062723c751e8b465ee728b)
Start importing Assets/Pixel Adventure 1/Assets/Background/Tilemap/Brown.png using Guid(ca6a66f8e2ae9c24c8c6b39c49206a0d) Importer(815301076,1909f56bfc062723c751e8b465ee728b)  -> (artifact id: 'a7c128d936be20c22b3e9040816f6514') in 0.017189 seconds 
  Import took 0.020312 seconds .

========================================================================
Received Import Request.
  Time since last request: 0.000264 seconds.
  path: Assets/Pixel Adventure 1/Assets/Background/Tilemap/Purple.png
  artifactKey: Guid(248611cc7bb8d85448933cee393ce41e) Importer(815301076,1909f56bfc062723c751e8b465ee728b)
Start importing Assets/Pixel Adventure 1/Assets/Background/Tilemap/Purple.png using Guid(248611cc7bb8d85448933cee393ce41e) Importer(815301076,1909f56bfc062723c751e8b465ee728b)  -> (artifact id: '7c7625cdb4e0f0ddc21467f30e94c598') in 0.011341 seconds 
  Import took 0.014701 seconds .

========================================================================
Received Prepare
Registering precompiled user dll's ...
Registered in 0.002439 seconds.
Begin MonoManager ReloadAssembly
Native extension for WindowsStandalone target not found
Refreshing native plugins compatible for Editor in 0.73 ms, found 3 plugins.
Preloading 0 native plugins for Editor in 0.00 ms.
Mono: successfully reloaded assembly
- Completed reload, in  0.738 seconds
Domain Reload Profiling:
	ReloadAssembly (738ms)
		BeginReloadAssembly (87ms)
			ExecutionOrderSort (0ms)
			DisableScriptedObjects (4ms)
			BackupInstance (0ms)
			ReleaseScriptingObjects (0ms)
			CreateAndSetChildDomain (30ms)
		EndReloadAssembly (605ms)
			LoadAssemblies (63ms)
			RebuildTransferFunctionScriptingTraits (0ms)
			SetupTypeCache (198ms)
			ReleaseScriptCaches (1ms)
			RebuildScriptCaches (32ms)
			SetupLoadedEditorAssemblies (235ms)
				LogAssemblyErrors (0ms)
				InitializePlatformSupportModulesInManaged (5ms)
				SetLoadedEditorAssemblies (0ms)
				RefreshPlugins (1ms)
				BeforeProcessingInitializeOnLoad (62ms)
				ProcessInitializeOnLoadAttributes (160ms)
				ProcessInitializeOnLoadMethodAttributes (4ms)
				AfterProcessingInitializeOnLoad (4ms)
				EditorAssembliesLoaded (0ms)
			ExecutionOrderSort2 (0ms)
			AwakeInstancesAfterBackupRestoration (8ms)
Platform modules already initialized, skipping
Refreshing native plugins compatible for Editor in 0.45 ms, found 3 plugins.
Preloading 0 native plugins for Editor in 0.00 ms.
Unloading 2227 Unused Serialized files (Serialized files now loaded: 0)
System memory in use before: 100.6 MB.
System memory in use after: 100.7 MB.

Unloading 15 unused Assets to reduce memory usage. Loaded Objects now: 2712.
Total: 2.468200 ms (FindLiveObjects: 0.148400 ms CreateObjectMapping: 0.036800 ms MarkObjects: 2.264100 ms  DeleteObjects: 0.017900 ms)

AssetImportParameters requested are different than current active one (requested -> active):
  custom:framework-win-MediaFoundation: 216162199b28c13a410421893ffa2e32 -> 
  custom:video-decoder-ogg-theora: a1e56fd34408186e4bbccfd4996cb3dc -> 
  custom:container-muxer-webm: aa71ff27fc2769a1b78a27578f13a17b -> 
  custom:container-demuxer-webm: 4f35f7cbe854078d1ac9338744f61a02 -> 
  custom:container-demuxer-ogg: 62fdf1f143b41e24485cea50d1cbac27 -> 
  custom:video-encoder-webm-vp8: eb34c28f22e8b96e1ab97ce403110664 -> 
  custom:video-codec-MediaFoundation-h265: 746d11721c4dcdbdad8f713fa42b33f4 -> 
  custom:video-decoder-webm-vp8: 9c59270c3fd7afecdb556c50c9e8de78 -> 
  custom:audio-decoder-ogg-vorbis: bf7c407c2cedff20999df2af8eb42d56 -> 
  custom:audio-encoder-webm-vorbis: bf7c407c2cedff20999df2af8eb42d56 -> 
========================================================================
Received Import Request.
  Time since last request: 25.551397 seconds.
  path: Assets/Pixel Adventure 1/Assets/Background/Tilemap/Brown.png
  artifactKey: Guid(ca6a66f8e2ae9c24c8c6b39c49206a0d) Importer(815301076,1909f56bfc062723c751e8b465ee728b)
Start importing Assets/Pixel Adventure 1/Assets/Background/Tilemap/Brown.png using Guid(ca6a66f8e2ae9c24c8c6b39c49206a0d) Importer(815301076,1909f56bfc062723c751e8b465ee728b)  -> (artifact id: 'ccb2b8eeb49ed2b5372962353f013bd1') in 0.039776 seconds 
  Import took 0.043912 seconds .

========================================================================
Received Import Request.
  Time since last request: 32.066151 seconds.
  path: Assets/Pixel Adventure 1/Assets/Background/Tilemap/New Palette.prefab
  artifactKey: Guid(f4b5d2cab3740c34eaafb8cd034e0f21) Importer(815301076,1909f56bfc062723c751e8b465ee728b)
Start importing Assets/Pixel Adventure 1/Assets/Background/Tilemap/New Palette.prefab using Guid(f4b5d2cab3740c34eaafb8cd034e0f21) Importer(815301076,1909f56bfc062723c751e8b465ee728b)  -> (artifact id: '4808a3b6bb80f3301a991d84b4853d0d') in 0.028344 seconds 
  Import took 0.031582 seconds .

========================================================================
Received Import Request.
  Time since last request: 2.832823 seconds.
  path: Assets/Pixel Adventure 1/Assets/Background/Tilemap/New Palette.prefab
  artifactKey: Guid(f4b5d2cab3740c34eaafb8cd034e0f21) Importer(815301076,1909f56bfc062723c751e8b465ee728b)
Start importing Assets/Pixel Adventure 1/Assets/Background/Tilemap/New Palette.prefab using Guid(f4b5d2cab3740c34eaafb8cd034e0f21) Importer(815301076,1909f56bfc062723c751e8b465ee728b)  -> (artifact id: 'de744b1a6f820ec5bb04a0c543668295') in 0.017351 seconds 
  Import took 0.020477 seconds .

========================================================================
Received Import Request.
  Time since last request: 2.403863 seconds.
  path: Assets/Pixel Adventure 1/Assets/Background/Tilemap/New Palette.prefab
  artifactKey: Guid(f4b5d2cab3740c34eaafb8cd034e0f21) Importer(815301076,1909f56bfc062723c751e8b465ee728b)
Start importing Assets/Pixel Adventure 1/Assets/Background/Tilemap/New Palette.prefab using Guid(f4b5d2cab3740c34eaafb8cd034e0f21) Importer(815301076,1909f56bfc062723c751e8b465ee728b)  -> (artifact id: '44c2f039982083e74845b1205d067eb0') in 0.011686 seconds 
  Import took 0.015456 seconds .

========================================================================
Received Import Request.
  Time since last request: 0.383835 seconds.
  path: Assets/Pixel Adventure 1/Assets/Background/Tilemap/New Palette.prefab
  artifactKey: Guid(f4b5d2cab3740c34eaafb8cd034e0f21) Importer(815301076,1909f56bfc062723c751e8b465ee728b)
Start importing Assets/Pixel Adventure 1/Assets/Background/Tilemap/New Palette.prefab using Guid(f4b5d2cab3740c34eaafb8cd034e0f21) Importer(815301076,1909f56bfc062723c751e8b465ee728b)  -> (artifact id: '833092493b2e5297ecedbe82ca08e8c4') in 0.010129 seconds 
  Import took 0.013298 seconds .

========================================================================
Received Import Request.
  Time since last request: 0.994492 seconds.
  path: Assets/Pixel Adventure 1/Assets/Background/Tilemap/New Palette.prefab
  artifactKey: Guid(f4b5d2cab3740c34eaafb8cd034e0f21) Importer(815301076,1909f56bfc062723c751e8b465ee728b)
Start importing Assets/Pixel Adventure 1/Assets/Background/Tilemap/New Palette.prefab using Guid(f4b5d2cab3740c34eaafb8cd034e0f21) Importer(815301076,1909f56bfc062723c751e8b465ee728b)  -> (artifact id: '4c78e774bb4ed7eaffb18157ea162796') in 0.011674 seconds 
  Import took 0.014836 seconds .

========================================================================
Received Import Request.
  Time since last request: 0.395624 seconds.
  path: Assets/Pixel Adventure 1/Assets/Background/Tilemap/New Palette.prefab
  artifactKey: Guid(f4b5d2cab3740c34eaafb8cd034e0f21) Importer(815301076,1909f56bfc062723c751e8b465ee728b)
Start importing Assets/Pixel Adventure 1/Assets/Background/Tilemap/New Palette.prefab using Guid(f4b5d2cab3740c34eaafb8cd034e0f21) Importer(815301076,1909f56bfc062723c751e8b465ee728b)  -> (artifact id: 'e9ab03a3f3d6353f750720dda591d366') in 0.010378 seconds 
  Import took 0.013854 seconds .

========================================================================
Received Import Request.
  Time since last request: 0.383776 seconds.
  path: Assets/Pixel Adventure 1/Assets/Background/Tilemap/New Palette.prefab
  artifactKey: Guid(f4b5d2cab3740c34eaafb8cd034e0f21) Importer(815301076,1909f56bfc062723c751e8b465ee728b)
Start importing Assets/Pixel Adventure 1/Assets/Background/Tilemap/New Palette.prefab using Guid(f4b5d2cab3740c34eaafb8cd034e0f21) Importer(815301076,1909f56bfc062723c751e8b465ee728b)  -> (artifact id: '2662d57e090da9cf4afb483924655e0c') in 0.013529 seconds 
  Import took 0.016938 seconds .

========================================================================
Received Import Request.
  Time since last request: 0.183548 seconds.
  path: Assets/Pixel Adventure 1/Assets/Background/Tilemap/New Palette.prefab
  artifactKey: Guid(f4b5d2cab3740c34eaafb8cd034e0f21) Importer(815301076,1909f56bfc062723c751e8b465ee728b)
Start importing Assets/Pixel Adventure 1/Assets/Background/Tilemap/New Palette.prefab using Guid(f4b5d2cab3740c34eaafb8cd034e0f21) Importer(815301076,1909f56bfc062723c751e8b465ee728b)  -> (artifact id: '63e1894b6ea821b431ffcba78ac52bcd') in 0.014190 seconds 
  Import took 0.017282 seconds .

========================================================================
Received Import Request.
  Time since last request: 0.389294 seconds.
  path: Assets/Pixel Adventure 1/Assets/Background/Tilemap/New Palette.prefab
  artifactKey: Guid(f4b5d2cab3740c34eaafb8cd034e0f21) Importer(815301076,1909f56bfc062723c751e8b465ee728b)
Start importing Assets/Pixel Adventure 1/Assets/Background/Tilemap/New Palette.prefab using Guid(f4b5d2cab3740c34eaafb8cd034e0f21) Importer(815301076,1909f56bfc062723c751e8b465ee728b)  -> (artifact id: '6bd7cf1221569a1e20b411c010ca0bda') in 0.013066 seconds 
  Import took 0.016570 seconds .

========================================================================
Received Import Request.
  Time since last request: 0.583726 seconds.
  path: Assets/Pixel Adventure 1/Assets/Background/Tilemap/New Palette.prefab
  artifactKey: Guid(f4b5d2cab3740c34eaafb8cd034e0f21) Importer(815301076,1909f56bfc062723c751e8b465ee728b)
Start importing Assets/Pixel Adventure 1/Assets/Background/Tilemap/New Palette.prefab using Guid(f4b5d2cab3740c34eaafb8cd034e0f21) Importer(815301076,1909f56bfc062723c751e8b465ee728b)  -> (artifact id: '0ff184305b1eb0fd410d4e1fc0ec092f') in 0.010062 seconds 
  Import took 0.013171 seconds .

========================================================================
Received Import Request.
  Time since last request: 0.391682 seconds.
  path: Assets/Pixel Adventure 1/Assets/Background/Tilemap/New Palette.prefab
  artifactKey: Guid(f4b5d2cab3740c34eaafb8cd034e0f21) Importer(815301076,1909f56bfc062723c751e8b465ee728b)
Start importing Assets/Pixel Adventure 1/Assets/Background/Tilemap/New Palette.prefab using Guid(f4b5d2cab3740c34eaafb8cd034e0f21) Importer(815301076,1909f56bfc062723c751e8b465ee728b)  -> (artifact id: '1604932d719eccba132e279c90a54b55') in 0.007764 seconds 
  Import took 0.011076 seconds .

========================================================================
Received Import Request.
  Time since last request: 8.894100 seconds.
  path: Assets/Pixel Adventure 1/Assets/Background/Tilemap/New Palette.prefab
  artifactKey: Guid(f4b5d2cab3740c34eaafb8cd034e0f21) Importer(815301076,1909f56bfc062723c751e8b465ee728b)
Start importing Assets/Pixel Adventure 1/Assets/Background/Tilemap/New Palette.prefab using Guid(f4b5d2cab3740c34eaafb8cd034e0f21) Importer(815301076,1909f56bfc062723c751e8b465ee728b)  -> (artifact id: '322cb19fcc9820c96c772ec6e330ecb8') in 0.007996 seconds 
  Import took 0.011049 seconds .

========================================================================
Received Import Request.
  Time since last request: 12.829030 seconds.
  path: Assets/Pixel Adventure 1/Assets/Background/Tilemap/New Palette.prefab
  artifactKey: Guid(f4b5d2cab3740c34eaafb8cd034e0f21) Importer(815301076,1909f56bfc062723c751e8b465ee728b)
Start importing Assets/Pixel Adventure 1/Assets/Background/Tilemap/New Palette.prefab using Guid(f4b5d2cab3740c34eaafb8cd034e0f21) Importer(815301076,1909f56bfc062723c751e8b465ee728b)  -> (artifact id: '38db5c9a290f3af3892a85532aca997c') in 0.007538 seconds 
  Import took 0.010719 seconds .

========================================================================
Received Import Request.
  Time since last request: 3.006423 seconds.
  path: Assets/Pixel Adventure 1/Assets/Background/Tilemap/New Palette.prefab
  artifactKey: Guid(f4b5d2cab3740c34eaafb8cd034e0f21) Importer(815301076,1909f56bfc062723c751e8b465ee728b)
Start importing Assets/Pixel Adventure 1/Assets/Background/Tilemap/New Palette.prefab using Guid(f4b5d2cab3740c34eaafb8cd034e0f21) Importer(815301076,1909f56bfc062723c751e8b465ee728b)  -> (artifact id: 'b6a88de37d78f2d280f1b06f9c86d586') in 0.007899 seconds 
  Import took 0.011406 seconds .

========================================================================
Received Import Request.
  Time since last request: 34.564745 seconds.
  path: Assets/Pixel Adventure 1/Assets/Background/Tilemap/New Palette.prefab
  artifactKey: Guid(f4b5d2cab3740c34eaafb8cd034e0f21) Importer(815301076,1909f56bfc062723c751e8b465ee728b)
Start importing Assets/Pixel Adventure 1/Assets/Background/Tilemap/New Palette.prefab using Guid(f4b5d2cab3740c34eaafb8cd034e0f21) Importer(815301076,1909f56bfc062723c751e8b465ee728b)  -> (artifact id: 'a8b016001bc57753d35850e512133574') in 0.017504 seconds 
  Import took 0.020973 seconds .

========================================================================
Received Import Request.
  Time since last request: 2.806614 seconds.
  path: Assets/Pixel Adventure 1/Assets/Background/Tilemap/New Palette.prefab
  artifactKey: Guid(f4b5d2cab3740c34eaafb8cd034e0f21) Importer(815301076,1909f56bfc062723c751e8b465ee728b)
Start importing Assets/Pixel Adventure 1/Assets/Background/Tilemap/New Palette.prefab using Guid(f4b5d2cab3740c34eaafb8cd034e0f21) Importer(815301076,1909f56bfc062723c751e8b465ee728b)  -> (artifact id: '043c94b65a11b0e8996d3e25fab95288') in 0.010182 seconds 
  Import took 0.013347 seconds .

========================================================================
Received Import Request.
  Time since last request: 1.008785 seconds.
  path: Assets/Pixel Adventure 1/Assets/Background/Tilemap/New Palette.prefab
  artifactKey: Guid(f4b5d2cab3740c34eaafb8cd034e0f21) Importer(815301076,1909f56bfc062723c751e8b465ee728b)
Start importing Assets/Pixel Adventure 1/Assets/Background/Tilemap/New Palette.prefab using Guid(f4b5d2cab3740c34eaafb8cd034e0f21) Importer(815301076,1909f56bfc062723c751e8b465ee728b)  -> (artifact id: '25f46b01978d52e4e5bb8c963c94bf5e') in 0.012424 seconds 
  Import took 0.015601 seconds .

========================================================================
Received Import Request.
  Time since last request: 1.827265 seconds.
  path: Assets/Pixel Adventure 1/Assets/Background/Tilemap/New Palette.prefab
  artifactKey: Guid(f4b5d2cab3740c34eaafb8cd034e0f21) Importer(815301076,1909f56bfc062723c751e8b465ee728b)
Start importing Assets/Pixel Adventure 1/Assets/Background/Tilemap/New Palette.prefab using Guid(f4b5d2cab3740c34eaafb8cd034e0f21) Importer(815301076,1909f56bfc062723c751e8b465ee728b)  -> (artifact id: 'f9fad8d81967fc5c2e5e424b95a77572') in 0.010244 seconds 
  Import took 0.013565 seconds .

========================================================================
Received Import Request.
  Time since last request: 2.264471 seconds.
  path: Assets/Pixel Adventure 1/Assets/Background/Tilemap/New Palette.prefab
  artifactKey: Guid(f4b5d2cab3740c34eaafb8cd034e0f21) Importer(815301076,1909f56bfc062723c751e8b465ee728b)
Start importing Assets/Pixel Adventure 1/Assets/Background/Tilemap/New Palette.prefab using Guid(f4b5d2cab3740c34eaafb8cd034e0f21) Importer(815301076,1909f56bfc062723c751e8b465ee728b)  -> (artifact id: '5f0aad8c21460f2c35f8fbaef2bfa845') in 0.010082 seconds 
  Import took 0.013408 seconds .

========================================================================
Received Import Request.
  Time since last request: 3.064086 seconds.
  path: Assets/Pixel Adventure 1/Assets/Background/Tilemap/New Palette.prefab
  artifactKey: Guid(f4b5d2cab3740c34eaafb8cd034e0f21) Importer(815301076,1909f56bfc062723c751e8b465ee728b)
Start importing Assets/Pixel Adventure 1/Assets/Background/Tilemap/New Palette.prefab using Guid(f4b5d2cab3740c34eaafb8cd034e0f21) Importer(815301076,1909f56bfc062723c751e8b465ee728b)  -> (artifact id: '4649f771bcef3724d2f532b8772419f7') in 0.012703 seconds 
  Import took 0.015877 seconds .

========================================================================
Received Import Request.
  Time since last request: 24.208755 seconds.
  path: Assets/Pixel Adventure 1/Assets/Background/Tilemap/New Palette.prefab
  artifactKey: Guid(f4b5d2cab3740c34eaafb8cd034e0f21) Importer(815301076,1909f56bfc062723c751e8b465ee728b)
Start importing Assets/Pixel Adventure 1/Assets/Background/Tilemap/New Palette.prefab using Guid(f4b5d2cab3740c34eaafb8cd034e0f21) Importer(815301076,1909f56bfc062723c751e8b465ee728b)  -> (artifact id: 'caba890acf23501681fd23e67307cb9f') in 0.011224 seconds 
  Import took 0.014504 seconds .

========================================================================
Received Import Request.
  Time since last request: 9.295782 seconds.
  path: Assets/Pixel Adventure 1/Assets/Background/Tilemap/Blue.png
  artifactKey: Guid(8049ea91a9d5fca4dab4024c0915dbe6) Importer(815301076,1909f56bfc062723c751e8b465ee728b)
Start importing Assets/Pixel Adventure 1/Assets/Background/Tilemap/Blue.png using Guid(8049ea91a9d5fca4dab4024c0915dbe6) Importer(815301076,1909f56bfc062723c751e8b465ee728b)  -> (artifact id: '19e5afcd262c30b58139dc724fcabf02') in 0.014677 seconds 
  Import took 0.018075 seconds .

========================================================================
Received Import Request.
  Time since last request: 7.169094 seconds.
  path: Assets/Pixel Adventure 1/Assets/Background/Tilemap/Blue.png
  artifactKey: Guid(8049ea91a9d5fca4dab4024c0915dbe6) Importer(815301076,1909f56bfc062723c751e8b465ee728b)
Start importing Assets/Pixel Adventure 1/Assets/Background/Tilemap/Blue.png using Guid(8049ea91a9d5fca4dab4024c0915dbe6) Importer(815301076,1909f56bfc062723c751e8b465ee728b)  -> (artifact id: '33f239a163c2d8e40abeae15f6d4ed3f') in 0.009550 seconds 
  Import took 0.012611 seconds .

========================================================================
Received Import Request.
  Time since last request: 4.341488 seconds.
  path: Assets/Pixel Adventure 1/Assets/Background/Tilemap/Blue.png
  artifactKey: Guid(8049ea91a9d5fca4dab4024c0915dbe6) Importer(815301076,1909f56bfc062723c751e8b465ee728b)
Start importing Assets/Pixel Adventure 1/Assets/Background/Tilemap/Blue.png using Guid(8049ea91a9d5fca4dab4024c0915dbe6) Importer(815301076,1909f56bfc062723c751e8b465ee728b)  -> (artifact id: 'e1af18c317efd605fcc3dfe1fcfcea41') in 0.010491 seconds 
  Import took 0.013816 seconds .

========================================================================
Received Import Request.
  Time since last request: 9.243059 seconds.
  path: Assets/Pixel Adventure 1/Assets/Background/Tilemap/Brown.png
  artifactKey: Guid(ca6a66f8e2ae9c24c8c6b39c49206a0d) Importer(815301076,1909f56bfc062723c751e8b465ee728b)
Start importing Assets/Pixel Adventure 1/Assets/Background/Tilemap/Brown.png using Guid(ca6a66f8e2ae9c24c8c6b39c49206a0d) Importer(815301076,1909f56bfc062723c751e8b465ee728b)  -> (artifact id: 'bca4a1f7090c72fd751ab26bc72880b2') in 0.010290 seconds 
  Import took 0.013255 seconds .

========================================================================
Received Import Request.
  Time since last request: 6.777146 seconds.
  path: Assets/Pixel Adventure 1/Assets/Background/Tilemap/Gray.png
  artifactKey: Guid(ffc80c129c9aca14c9fb4dbeba0e10d2) Importer(815301076,1909f56bfc062723c751e8b465ee728b)
Start importing Assets/Pixel Adventure 1/Assets/Background/Tilemap/Gray.png using Guid(ffc80c129c9aca14c9fb4dbeba0e10d2) Importer(815301076,1909f56bfc062723c751e8b465ee728b)  -> (artifact id: '56a7edb0e1da2a6e91cd8d69bbb2fd40') in 0.010025 seconds 
  Import took 0.013033 seconds .

========================================================================
Received Import Request.
  Time since last request: 5.819123 seconds.
  path: Assets/Pixel Adventure 1/Assets/Background/Tilemap/Green.png
  artifactKey: Guid(2538710101d0f1f4e8976b3495cd1f75) Importer(815301076,1909f56bfc062723c751e8b465ee728b)
Start importing Assets/Pixel Adventure 1/Assets/Background/Tilemap/Green.png using Guid(2538710101d0f1f4e8976b3495cd1f75) Importer(815301076,1909f56bfc062723c751e8b465ee728b)  -> (artifact id: '4ff22e46b50be34a8db9fc025ee84f6c') in 0.008735 seconds 
  Import took 0.011849 seconds .

========================================================================
Received Import Request.
  Time since last request: 8.205265 seconds.
  path: Assets/Pixel Adventure 1/Assets/Background/Tilemap/Yellow.png
  artifactKey: Guid(4d8c75a4d7dd2a0489270e1058d82128) Importer(815301076,1909f56bfc062723c751e8b465ee728b)
Start importing Assets/Pixel Adventure 1/Assets/Background/Tilemap/Yellow.png using Guid(4d8c75a4d7dd2a0489270e1058d82128) Importer(815301076,1909f56bfc062723c751e8b465ee728b)  -> (artifact id: 'dc3379840d716d05cfe1777d642c73f0') in 0.009132 seconds 
  Import took 0.012383 seconds .

========================================================================
Received Import Request.
  Time since last request: 5.981556 seconds.
  path: Assets/Pixel Adventure 1/Assets/Background/Tilemap/Purple.png
  artifactKey: Guid(248611cc7bb8d85448933cee393ce41e) Importer(815301076,1909f56bfc062723c751e8b465ee728b)
Start importing Assets/Pixel Adventure 1/Assets/Background/Tilemap/Purple.png using Guid(248611cc7bb8d85448933cee393ce41e) Importer(815301076,1909f56bfc062723c751e8b465ee728b)  -> (artifact id: '7f9bc1b568113092687f9c73194dec5c') in 0.015371 seconds 
  Import took 0.018350 seconds .

========================================================================
Received Import Request.
  Time since last request: 8.300160 seconds.
  path: Assets/Pixel Adventure 1/Assets/Background/Tilemap/Pink.png
  artifactKey: Guid(348c3b734b11d3b4aa5c69e25b7113e6) Importer(815301076,1909f56bfc062723c751e8b465ee728b)
Start importing Assets/Pixel Adventure 1/Assets/Background/Tilemap/Pink.png using Guid(348c3b734b11d3b4aa5c69e25b7113e6) Importer(815301076,1909f56bfc062723c751e8b465ee728b)  -> (artifact id: 'aa2729d8e93b501e71ecdfd5bb13aeb0') in 0.015593 seconds 
  Import took 0.018936 seconds .

========================================================================
Received Prepare
Registering precompiled user dll's ...
Registered in 0.002230 seconds.
Begin MonoManager ReloadAssembly
Native extension for WindowsStandalone target not found
Refreshing native plugins compatible for Editor in 0.46 ms, found 3 plugins.
Preloading 0 native plugins for Editor in 0.00 ms.
Mono: successfully reloaded assembly
- Completed reload, in  0.777 seconds
Domain Reload Profiling:
	ReloadAssembly (778ms)
		BeginReloadAssembly (90ms)
			ExecutionOrderSort (0ms)
			DisableScriptedObjects (5ms)
			BackupInstance (0ms)
			ReleaseScriptingObjects (0ms)
			CreateAndSetChildDomain (33ms)
		EndReloadAssembly (641ms)
			LoadAssemblies (69ms)
			RebuildTransferFunctionScriptingTraits (0ms)
			SetupTypeCache (215ms)
			ReleaseScriptCaches (1ms)
			RebuildScriptCaches (34ms)
			SetupLoadedEditorAssemblies (244ms)
				LogAssemblyErrors (0ms)
				InitializePlatformSupportModulesInManaged (4ms)
				SetLoadedEditorAssemblies (0ms)
				RefreshPlugins (1ms)
				BeforeProcessingInitializeOnLoad (63ms)
				ProcessInitializeOnLoadAttributes (167ms)
				ProcessInitializeOnLoadMethodAttributes (4ms)
				AfterProcessingInitializeOnLoad (4ms)
				EditorAssembliesLoaded (0ms)
			ExecutionOrderSort2 (0ms)
			AwakeInstancesAfterBackupRestoration (9ms)
Platform modules already initialized, skipping
Refreshing native plugins compatible for Editor in 0.50 ms, found 3 plugins.
Preloading 0 native plugins for Editor in 0.00 ms.
Unloading 2227 Unused Serialized files (Serialized files now loaded: 0)
System memory in use before: 100.7 MB.
System memory in use after: 100.8 MB.

Unloading 15 unused Assets to reduce memory usage. Loaded Objects now: 2720.
Total: 2.541200 ms (FindLiveObjects: 0.164900 ms CreateObjectMapping: 0.045000 ms MarkObjects: 2.312500 ms  DeleteObjects: 0.017000 ms)

AssetImportParameters requested are different than current active one (requested -> active):
  custom:framework-win-MediaFoundation: 216162199b28c13a410421893ffa2e32 -> 
  custom:video-decoder-ogg-theora: a1e56fd34408186e4bbccfd4996cb3dc -> 
  custom:container-muxer-webm: aa71ff27fc2769a1b78a27578f13a17b -> 
  custom:container-demuxer-webm: 4f35f7cbe854078d1ac9338744f61a02 -> 
  custom:container-demuxer-ogg: 62fdf1f143b41e24485cea50d1cbac27 -> 
  custom:video-encoder-webm-vp8: eb34c28f22e8b96e1ab97ce403110664 -> 
  custom:video-codec-MediaFoundation-h265: 746d11721c4dcdbdad8f713fa42b33f4 -> 
  custom:video-decoder-webm-vp8: 9c59270c3fd7afecdb556c50c9e8de78 -> 
  custom:audio-decoder-ogg-vorbis: bf7c407c2cedff20999df2af8eb42d56 -> 
  custom:audio-encoder-webm-vorbis: bf7c407c2cedff20999df2af8eb42d56 -> 
========================================================================
Received Prepare
Registering precompiled user dll's ...
Registered in 0.002123 seconds.
Begin MonoManager ReloadAssembly
Native extension for WindowsStandalone target not found
Refreshing native plugins compatible for Editor in 0.57 ms, found 3 plugins.
Preloading 0 native plugins for Editor in 0.00 ms.
Mono: successfully reloaded assembly
- Completed reload, in  0.779 seconds
Domain Reload Profiling:
	ReloadAssembly (780ms)
		BeginReloadAssembly (97ms)
			ExecutionOrderSort (0ms)
			DisableScriptedObjects (5ms)
			BackupInstance (0ms)
			ReleaseScriptingObjects (0ms)
			CreateAndSetChildDomain (30ms)
		EndReloadAssembly (635ms)
			LoadAssemblies (65ms)
			RebuildTransferFunctionScriptingTraits (0ms)
			SetupTypeCache (208ms)
			ReleaseScriptCaches (1ms)
			RebuildScriptCaches (34ms)
			SetupLoadedEditorAssemblies (247ms)
				LogAssemblyErrors (0ms)
				InitializePlatformSupportModulesInManaged (5ms)
				SetLoadedEditorAssemblies (0ms)
				RefreshPlugins (1ms)
				BeforeProcessingInitializeOnLoad (67ms)
				ProcessInitializeOnLoadAttributes (166ms)
				ProcessInitializeOnLoadMethodAttributes (4ms)
				AfterProcessingInitializeOnLoad (4ms)
				EditorAssembliesLoaded (0ms)
			ExecutionOrderSort2 (0ms)
			AwakeInstancesAfterBackupRestoration (8ms)
Platform modules already initialized, skipping
Refreshing native plugins compatible for Editor in 0.44 ms, found 3 plugins.
Preloading 0 native plugins for Editor in 0.00 ms.
Unloading 2227 Unused Serialized files (Serialized files now loaded: 0)
System memory in use before: 100.8 MB.
System memory in use after: 101.0 MB.

Unloading 15 unused Assets to reduce memory usage. Loaded Objects now: 2723.
Total: 3.028600 ms (FindLiveObjects: 0.209000 ms CreateObjectMapping: 0.059800 ms MarkObjects: 2.736500 ms  DeleteObjects: 0.021600 ms)

AssetImportParameters requested are different than current active one (requested -> active):
  custom:framework-win-MediaFoundation: 216162199b28c13a410421893ffa2e32 -> 
  custom:video-decoder-ogg-theora: a1e56fd34408186e4bbccfd4996cb3dc -> 
  custom:container-muxer-webm: aa71ff27fc2769a1b78a27578f13a17b -> 
  custom:container-demuxer-webm: 4f35f7cbe854078d1ac9338744f61a02 -> 
  custom:container-demuxer-ogg: 62fdf1f143b41e24485cea50d1cbac27 -> 
  custom:video-encoder-webm-vp8: eb34c28f22e8b96e1ab97ce403110664 -> 
  custom:video-codec-MediaFoundation-h265: 746d11721c4dcdbdad8f713fa42b33f4 -> 
  custom:video-decoder-webm-vp8: 9c59270c3fd7afecdb556c50c9e8de78 -> 
  custom:audio-decoder-ogg-vorbis: bf7c407c2cedff20999df2af8eb42d56 -> 
  custom:audio-encoder-webm-vorbis: bf7c407c2cedff20999df2af8eb42d56 -> 
========================================================================
Received Import Request.
  Time since last request: 183.747848 seconds.
  path: Assets/Pixel Adventure 1/Assets/Background/Tilemap/BG.prefab
  artifactKey: Guid(19685f578e7fd424a9d7238b9d9188aa) Importer(815301076,1909f56bfc062723c751e8b465ee728b)
Start importing Assets/Pixel Adventure 1/Assets/Background/Tilemap/BG.prefab using Guid(19685f578e7fd424a9d7238b9d9188aa) Importer(815301076,1909f56bfc062723c751e8b465ee728b)  -> (artifact id: '4d9522430e95b43ef4c74eb9d93fca66') in 0.051521 seconds 
  Import took 0.055140 seconds .

========================================================================
Received Import Request.
  Time since last request: 11.178330 seconds.
  path: Assets/Pixel Adventure 1/Assets/Background/Tilemap/BG.prefab
  artifactKey: Guid(19685f578e7fd424a9d7238b9d9188aa) Importer(815301076,1909f56bfc062723c751e8b465ee728b)
Start importing Assets/Pixel Adventure 1/Assets/Background/Tilemap/BG.prefab using Guid(19685f578e7fd424a9d7238b9d9188aa) Importer(815301076,1909f56bfc062723c751e8b465ee728b)  -> (artifact id: 'd51a289901ffa70396dd99ca6b9cb158') in 0.013770 seconds 
  Import took 0.016965 seconds .

========================================================================
Received Import Request.
  Time since last request: 0.000475 seconds.
  path: Assets/Pixel Adventure 1/Assets/Background/Tilemap/Brown.asset
  artifactKey: Guid(5f277f906701339469b48b5770159244) Importer(815301076,1909f56bfc062723c751e8b465ee728b)
Start importing Assets/Pixel Adventure 1/Assets/Background/Tilemap/Brown.asset using Guid(5f277f906701339469b48b5770159244) Importer(815301076,1909f56bfc062723c751e8b465ee728b)  -> (artifact id: 'f8ac7c3a0c8ca918a3ac26a5e9653441') in 0.017456 seconds 
  Import took 0.020721 seconds .

========================================================================
Received Import Request.
  Time since last request: 8.089458 seconds.
  path: Assets/Pixel Adventure 1/Assets/Background/Tilemap/BG.prefab
  artifactKey: Guid(19685f578e7fd424a9d7238b9d9188aa) Importer(815301076,1909f56bfc062723c751e8b465ee728b)
Start importing Assets/Pixel Adventure 1/Assets/Background/Tilemap/BG.prefab using Guid(19685f578e7fd424a9d7238b9d9188aa) Importer(815301076,1909f56bfc062723c751e8b465ee728b)  -> (artifact id: '409c7acf24878e3258b430cc2247c9ba') in 0.010965 seconds 
  Import took 0.014355 seconds .

========================================================================
Received Import Request.
  Time since last request: 0.000187 seconds.
  path: Assets/Pixel Adventure 1/Assets/Background/Tilemap/Blue.asset
  artifactKey: Guid(75ea827973427844994a6dbb75df5352) Importer(815301076,1909f56bfc062723c751e8b465ee728b)
Start importing Assets/Pixel Adventure 1/Assets/Background/Tilemap/Blue.asset using Guid(75ea827973427844994a6dbb75df5352) Importer(815301076,1909f56bfc062723c751e8b465ee728b)  -> (artifact id: '8743514295813d7f73bbe9903a47cefb') in 0.008075 seconds 
  Import took 0.011248 seconds .

========================================================================
Received Import Request.
  Time since last request: 8.496056 seconds.
  path: Assets/Pixel Adventure 1/Assets/Background/Tilemap/BG.prefab
  artifactKey: Guid(19685f578e7fd424a9d7238b9d9188aa) Importer(815301076,1909f56bfc062723c751e8b465ee728b)
Start importing Assets/Pixel Adventure 1/Assets/Background/Tilemap/BG.prefab using Guid(19685f578e7fd424a9d7238b9d9188aa) Importer(815301076,1909f56bfc062723c751e8b465ee728b)  -> (artifact id: '6b0ce8a4f6fa38e9460c5ac734a19bdc') in 0.013990 seconds 
  Import took 0.017137 seconds .

========================================================================
Received Import Request.
  Time since last request: 0.000354 seconds.
  path: Assets/Pixel Adventure 1/Assets/Background/Tilemap/Gray.asset
  artifactKey: Guid(3280127aebc46134cb67de3c490a8db7) Importer(815301076,1909f56bfc062723c751e8b465ee728b)
Start importing Assets/Pixel Adventure 1/Assets/Background/Tilemap/Gray.asset using Guid(3280127aebc46134cb67de3c490a8db7) Importer(815301076,1909f56bfc062723c751e8b465ee728b)  -> (artifact id: '7c1d54ce2f8546986f29b1e537d4c36d') in 0.017144 seconds 
  Import took 0.020227 seconds .

========================================================================
Received Import Request.
  Time since last request: 7.200705 seconds.
  path: Assets/Pixel Adventure 1/Assets/Background/Tilemap/BG.prefab
  artifactKey: Guid(19685f578e7fd424a9d7238b9d9188aa) Importer(815301076,1909f56bfc062723c751e8b465ee728b)
Start importing Assets/Pixel Adventure 1/Assets/Background/Tilemap/BG.prefab using Guid(19685f578e7fd424a9d7238b9d9188aa) Importer(815301076,1909f56bfc062723c751e8b465ee728b)  -> (artifact id: 'd40d4a8505819a8e9449c8bcbef6c04e') in 0.011292 seconds 
  Import took 0.014397 seconds .

========================================================================
Received Import Request.
  Time since last request: 0.000286 seconds.
  path: Assets/Pixel Adventure 1/Assets/Background/Tilemap/Green.asset
  artifactKey: Guid(a3b91034b336a7c45a25f8d1d92c6844) Importer(815301076,1909f56bfc062723c751e8b465ee728b)
Start importing Assets/Pixel Adventure 1/Assets/Background/Tilemap/Green.asset using Guid(a3b91034b336a7c45a25f8d1d92c6844) Importer(815301076,1909f56bfc062723c751e8b465ee728b)  -> (artifact id: 'bb0c1a48ddfa8c92e556cfb8a0d0a5be') in 0.012086 seconds 
  Import took 0.015208 seconds .

========================================================================
Received Import Request.
  Time since last request: 3.266974 seconds.
  path: Assets/Pixel Adventure 1/Assets/Background/Tilemap/BG.prefab
  artifactKey: Guid(19685f578e7fd424a9d7238b9d9188aa) Importer(815301076,1909f56bfc062723c751e8b465ee728b)
Start importing Assets/Pixel Adventure 1/Assets/Background/Tilemap/BG.prefab using Guid(19685f578e7fd424a9d7238b9d9188aa) Importer(815301076,1909f56bfc062723c751e8b465ee728b)  -> (artifact id: '4f2ec44fda043e6713c9a246754ca74e') in 0.011769 seconds 
  Import took 0.015016 seconds .

========================================================================
Received Import Request.
  Time since last request: 0.000218 seconds.
  path: Assets/Pixel Adventure 1/Assets/Background/Tilemap/Pink.asset
  artifactKey: Guid(1f7acb2344d58624a8ca03f6afec59a2) Importer(815301076,1909f56bfc062723c751e8b465ee728b)
Start importing Assets/Pixel Adventure 1/Assets/Background/Tilemap/Pink.asset using Guid(1f7acb2344d58624a8ca03f6afec59a2) Importer(815301076,1909f56bfc062723c751e8b465ee728b)  -> (artifact id: '3d84cf88178381b0eafe5a7ab913eec2') in 0.008629 seconds 
  Import took 0.011735 seconds .

========================================================================
Received Import Request.
  Time since last request: 2.249792 seconds.
  path: Assets/Pixel Adventure 1/Assets/Background/Tilemap/BG.prefab
  artifactKey: Guid(19685f578e7fd424a9d7238b9d9188aa) Importer(815301076,1909f56bfc062723c751e8b465ee728b)
Start importing Assets/Pixel Adventure 1/Assets/Background/Tilemap/BG.prefab using Guid(19685f578e7fd424a9d7238b9d9188aa) Importer(815301076,1909f56bfc062723c751e8b465ee728b)  -> (artifact id: '111af2dc5da926666a756b9420c3fc1a') in 0.011806 seconds 
  Import took 0.016062 seconds .

========================================================================
Received Import Request.
  Time since last request: 0.000247 seconds.
  path: Assets/Pixel Adventure 1/Assets/Background/Tilemap/Purple.asset
  artifactKey: Guid(77c13cdc45bc0c94a84ce5e9e1d806ba) Importer(815301076,1909f56bfc062723c751e8b465ee728b)
Start importing Assets/Pixel Adventure 1/Assets/Background/Tilemap/Purple.asset using Guid(77c13cdc45bc0c94a84ce5e9e1d806ba) Importer(815301076,1909f56bfc062723c751e8b465ee728b)  -> (artifact id: 'd0be69fc4d2e9bfb0740b6e1b4131274') in 0.007833 seconds 
  Import took 0.011191 seconds .

========================================================================
Received Import Request.
  Time since last request: 3.135782 seconds.
  path: Assets/Pixel Adventure 1/Assets/Background/Tilemap/BG.prefab
  artifactKey: Guid(19685f578e7fd424a9d7238b9d9188aa) Importer(815301076,1909f56bfc062723c751e8b465ee728b)
Start importing Assets/Pixel Adventure 1/Assets/Background/Tilemap/BG.prefab using Guid(19685f578e7fd424a9d7238b9d9188aa) Importer(815301076,1909f56bfc062723c751e8b465ee728b)  -> (artifact id: 'f4b675c60df520d4b7e604828b26166b') in 0.012399 seconds 
  Import took 0.015782 seconds .

========================================================================
Received Import Request.
  Time since last request: 0.000246 seconds.
  path: Assets/Pixel Adventure 1/Assets/Background/Tilemap/Yellow.asset
  artifactKey: Guid(ad0f9e163e0c1064aa054caaf909f3fe) Importer(815301076,1909f56bfc062723c751e8b465ee728b)
Start importing Assets/Pixel Adventure 1/Assets/Background/Tilemap/Yellow.asset using Guid(ad0f9e163e0c1064aa054caaf909f3fe) Importer(815301076,1909f56bfc062723c751e8b465ee728b)  -> (artifact id: '4ce2bce1ca5e2c849d6093a9cc18fb76') in 0.008469 seconds 
  Import took 0.011791 seconds .

========================================================================
Received Import Request.
  Time since last request: 19.184364 seconds.
  path: Assets/Pixel Adventure 1/Assets/Background/Tilemap/BG.prefab
  artifactKey: Guid(19685f578e7fd424a9d7238b9d9188aa) Importer(815301076,1909f56bfc062723c751e8b465ee728b)
Start importing Assets/Pixel Adventure 1/Assets/Background/Tilemap/BG.prefab using Guid(19685f578e7fd424a9d7238b9d9188aa) Importer(815301076,1909f56bfc062723c751e8b465ee728b)  -> (artifact id: 'c8668b4ed0ffddfa42407610a456b0e1') in 0.009544 seconds 
  Import took 0.012537 seconds .

========================================================================
Received Import Request.
  Time since last request: 2.528823 seconds.
  path: Assets/Pixel Adventure 1/Assets/Background/Tilemap/BG.prefab
  artifactKey: Guid(19685f578e7fd424a9d7238b9d9188aa) Importer(815301076,1909f56bfc062723c751e8b465ee728b)
Start importing Assets/Pixel Adventure 1/Assets/Background/Tilemap/BG.prefab using Guid(19685f578e7fd424a9d7238b9d9188aa) Importer(815301076,1909f56bfc062723c751e8b465ee728b)  -> (artifact id: 'ac19efd71a99620d4264558cc96544b6') in 0.008346 seconds 
  Import took 0.011480 seconds .

========================================================================
Received Import Request.
  Time since last request: 77.740201 seconds.
  path: Assets/Pixel Adventure 1/Assets/Background/Tilemap/BG.prefab
  artifactKey: Guid(19685f578e7fd424a9d7238b9d9188aa) Importer(815301076,1909f56bfc062723c751e8b465ee728b)
Start importing Assets/Pixel Adventure 1/Assets/Background/Tilemap/BG.prefab using Guid(19685f578e7fd424a9d7238b9d9188aa) Importer(815301076,1909f56bfc062723c751e8b465ee728b)  -> (artifact id: '11f57cda16468254c540bb76dd16ab63') in 0.011262 seconds 
  Import took 0.014542 seconds .

========================================================================
Received Import Request.
  Time since last request: 75.102698 seconds.
  path: Assets/Pixel Adventure 1/Assets/Background/Tilemap/BG.prefab
  artifactKey: Guid(19685f578e7fd424a9d7238b9d9188aa) Importer(815301076,1909f56bfc062723c751e8b465ee728b)
Start importing Assets/Pixel Adventure 1/Assets/Background/Tilemap/BG.prefab using Guid(19685f578e7fd424a9d7238b9d9188aa) Importer(815301076,1909f56bfc062723c751e8b465ee728b)  -> (artifact id: '430232b047f7088b3a29461962c7d45d') in 0.008460 seconds 
  Import took 0.012029 seconds .

========================================================================
Received Import Request.
  Time since last request: 1.798206 seconds.
  path: Assets/Pixel Adventure 1/Assets/Background/Tilemap/BG.prefab
  artifactKey: Guid(19685f578e7fd424a9d7238b9d9188aa) Importer(815301076,1909f56bfc062723c751e8b465ee728b)
Start importing Assets/Pixel Adventure 1/Assets/Background/Tilemap/BG.prefab using Guid(19685f578e7fd424a9d7238b9d9188aa) Importer(815301076,1909f56bfc062723c751e8b465ee728b)  -> (artifact id: '4b32daf246f973cf8fc7c1b8a6712c1a') in 0.008641 seconds 
  Import took 0.011898 seconds .

========================================================================
Received Import Request.
  Time since last request: 2.000537 seconds.
  path: Assets/Pixel Adventure 1/Assets/Background/Tilemap/BG.prefab
  artifactKey: Guid(19685f578e7fd424a9d7238b9d9188aa) Importer(815301076,1909f56bfc062723c751e8b465ee728b)
Start importing Assets/Pixel Adventure 1/Assets/Background/Tilemap/BG.prefab using Guid(19685f578e7fd424a9d7238b9d9188aa) Importer(815301076,1909f56bfc062723c751e8b465ee728b)  -> (artifact id: 'ccaf87ba41f918cc515999afab9b7fc2') in 0.008829 seconds 
  Import took 0.012136 seconds .

========================================================================
Received Import Request.
  Time since last request: 2.000323 seconds.
  path: Assets/Pixel Adventure 1/Assets/Background/Tilemap/BG.prefab
  artifactKey: Guid(19685f578e7fd424a9d7238b9d9188aa) Importer(815301076,1909f56bfc062723c751e8b465ee728b)
Start importing Assets/Pixel Adventure 1/Assets/Background/Tilemap/BG.prefab using Guid(19685f578e7fd424a9d7238b9d9188aa) Importer(815301076,1909f56bfc062723c751e8b465ee728b)  -> (artifact id: '4dea5e726fd05712613b819cebebeeb3') in 0.009479 seconds 
  Import took 0.012812 seconds .

========================================================================
Received Import Request.
  Time since last request: 2.307862 seconds.
  path: Assets/Pixel Adventure 1/Assets/Background/Tilemap/BG.prefab
  artifactKey: Guid(19685f578e7fd424a9d7238b9d9188aa) Importer(815301076,1909f56bfc062723c751e8b465ee728b)
Start importing Assets/Pixel Adventure 1/Assets/Background/Tilemap/BG.prefab using Guid(19685f578e7fd424a9d7238b9d9188aa) Importer(815301076,1909f56bfc062723c751e8b465ee728b)  -> (artifact id: 'bfb2f89cc7d6c4b127b48675a43d6ee1') in 0.009913 seconds 
  Import took 0.013110 seconds .

========================================================================
Received Import Request.
  Time since last request: 2.507052 seconds.
  path: Assets/Pixel Adventure 1/Assets/Background/Tilemap/BG.prefab
  artifactKey: Guid(19685f578e7fd424a9d7238b9d9188aa) Importer(815301076,1909f56bfc062723c751e8b465ee728b)
Start importing Assets/Pixel Adventure 1/Assets/Background/Tilemap/BG.prefab using Guid(19685f578e7fd424a9d7238b9d9188aa) Importer(815301076,1909f56bfc062723c751e8b465ee728b)  -> (artifact id: '8971ceaddcd675d898b3b325969d1939') in 0.009968 seconds 
  Import took 0.013499 seconds .

========================================================================
Received Import Request.
  Time since last request: 2.603657 seconds.
  path: Assets/Pixel Adventure 1/Assets/Background/Tilemap/BG.prefab
  artifactKey: Guid(19685f578e7fd424a9d7238b9d9188aa) Importer(815301076,1909f56bfc062723c751e8b465ee728b)
Start importing Assets/Pixel Adventure 1/Assets/Background/Tilemap/BG.prefab using Guid(19685f578e7fd424a9d7238b9d9188aa) Importer(815301076,1909f56bfc062723c751e8b465ee728b)  -> (artifact id: '8ddda7b346e0e6ad7c396bdacabd7b8a') in 0.010068 seconds 
  Import took 0.013883 seconds .

========================================================================
Received Import Request.
  Time since last request: 1.862056 seconds.
  path: Assets/Pixel Adventure 1/Assets/Background/Tilemap/BG.prefab
  artifactKey: Guid(19685f578e7fd424a9d7238b9d9188aa) Importer(815301076,1909f56bfc062723c751e8b465ee728b)
Start importing Assets/Pixel Adventure 1/Assets/Background/Tilemap/BG.prefab using Guid(19685f578e7fd424a9d7238b9d9188aa) Importer(815301076,1909f56bfc062723c751e8b465ee728b)  -> (artifact id: 'd410e4966fb2567ef335c59ce546c80b') in 0.010881 seconds 
  Import took 0.014824 seconds .

========================================================================
Received Import Request.
  Time since last request: 50.828669 seconds.
  path: Assets/Pixel Adventure 1/Assets/Background/Tilemap/BG.prefab
  artifactKey: Guid(19685f578e7fd424a9d7238b9d9188aa) Importer(815301076,1909f56bfc062723c751e8b465ee728b)
Start importing Assets/Pixel Adventure 1/Assets/Background/Tilemap/BG.prefab using Guid(19685f578e7fd424a9d7238b9d9188aa) Importer(815301076,1909f56bfc062723c751e8b465ee728b)  -> (artifact id: 'e4b59f6e74b9c91714f158f067f25d15') in 0.009632 seconds 
  Import took 0.013015 seconds .

========================================================================
Received Import Request.
  Time since last request: 6.228608 seconds.
  path: Assets/Pixel Adventure 1/Assets/Background/Tilemap/BG.prefab
  artifactKey: Guid(19685f578e7fd424a9d7238b9d9188aa) Importer(815301076,1909f56bfc062723c751e8b465ee728b)
Start importing Assets/Pixel Adventure 1/Assets/Background/Tilemap/BG.prefab using Guid(19685f578e7fd424a9d7238b9d9188aa) Importer(815301076,1909f56bfc062723c751e8b465ee728b)  -> (artifact id: '835b8f6df5844a13f4b4a96e95f056c4') in 0.009926 seconds 
  Import took 0.013296 seconds .

========================================================================
Received Import Request.
  Time since last request: 7.096323 seconds.
  path: Assets/Pixel Adventure 1/Assets/Background/Tilemap/BG.prefab
  artifactKey: Guid(19685f578e7fd424a9d7238b9d9188aa) Importer(815301076,1909f56bfc062723c751e8b465ee728b)
Start importing Assets/Pixel Adventure 1/Assets/Background/Tilemap/BG.prefab using Guid(19685f578e7fd424a9d7238b9d9188aa) Importer(815301076,1909f56bfc062723c751e8b465ee728b)  -> (artifact id: 'f74cbbeb06a54d9305be21574c1f412c') in 0.011060 seconds 
  Import took 0.014330 seconds .

AssetImportWorkerClient::OnTransportError - code=2 error=End of file
